1528567839035	geckodriver	INFO	geckodriver 0.20.1
1528567839040	geckodriver	INFO	Listening on 127.0.0.1:46125
1528567840121	mozrunner::runner	INFO	Running command: "/usr/bin/firefox" "-marionette" "-profile" "/tmp/rust_mozprofile.lWEqK0dwmOFr"
1528567840376	addons.xpi	WARN	Can't get modified time of /usr/lib64/firefox/browser/features/aushelper@mozilla.org.xpi
1528567840453	addons.xpi-utils	WARN	addMetadata: Add-on aushelper@mozilla.org is invalid: [Exception... "Component returned failure code: 0x80520006 (NS_ERROR_FILE_TARGET_DOES_NOT_EXIST) [nsIFile.isFile]"  nsresult: "0x80520006 (NS_ERROR_FILE_TARGET_DOES_NOT_EXIST)"  location: "JS frame :: resource://gre/modules/addons/XPIInstall.jsm :: loadManifestFromFile :: line 924"  data: no] Stack trace: loadManifestFromFile()@resource://gre/modules/addons/XPIInstall.jsm:924
syncLoadManifestFromFile()@resource://gre/modules/addons/XPIProvider.jsm:938
addMetadata()@resource://gre/modules/addons/XPIProvider.jsm -> resource://gre/modules/addons/XPIProviderUtils.js:1167
processFileChanges()@resource://gre/modules/addons/XPIProvider.jsm -> resource://gre/modules/addons/XPIProviderUtils.js:1523
checkForChanges()@resource://gre/modules/addons/XPIProvider.jsm:3298
startup()@resource://gre/modules/addons/XPIProvider.jsm:2190
callProvider()@resource://gre/modules/AddonManager.jsm:253
_startProvider()@resource://gre/modules/AddonManager.jsm:728
startup()@resource://gre/modules/AddonManager.jsm:892
startup()@resource://gre/modules/AddonManager.jsm:2976
observe()@jar:file:///usr/lib64/firefox/omni.ja!/components/addonManager.js:63
1528567840454	addons.xpi-utils	WARN	Could not uninstall invalid item from locked install location
1528567841750	addons.xpi	WARN	Can't get modified time of /usr/lib64/firefox/browser/features/aushelper@mozilla.org.xpi
1528567841928	Marionette	INFO	Listening on port 35485
1528567841946	Marionette	WARN	TLS certificate errors will be ignored for this session
*** UTM:SVC TimerManager:registerTimer called after profile-before-change notification. Ignoring timer registration for id: telemetry_modules_ping
